-- MySQL dump 10.13  Distrib 5.7.18, for osx10.12 (x86_64)
--
-- Host: localhost    Database: huangyisan
-- ------------------------------------------------------
-- Server version	5.7.18-log

/*!40101 SET @OLD_CHARACTER_SET_CLIENT=@@CHARACTER_SET_CLIENT */;
/*!40101 SET @OLD_CHARACTER_SET_RESULTS=@@CHARACTER_SET_RESULTS */;
/*!40101 SET @OLD_COLLATION_CONNECTION=@@COLLATION_CONNECTION */;
/*!40101 SET NAMES utf8 */;
/*!40103 SET @OLD_TIME_ZONE=@@TIME_ZONE */;
/*!40103 SET TIME_ZONE='+00:00' */;
/*!40014 SET @OLD_UNIQUE_CHECKS=@@UNIQUE_CHECKS, UNIQUE_CHECKS=0 */;
/*!40014 SET @OLD_FOREIGN_KEY_CHECKS=@@FOREIGN_KEY_CHECKS, FOREIGN_KEY_CHECKS=0 */;
/*!40101 SET @OLD_SQL_MODE=@@SQL_MODE, SQL_MODE='NO_AUTO_VALUE_ON_ZERO' */;
/*!40111 SET @OLD_SQL_NOTES=@@SQL_NOTES, SQL_NOTES=0 */;

--
-- Position to start replication or point-in-time recovery from
--

-- CHANGE MASTER TO MASTER_LOG_FILE='mysql-bin-log.000001', MASTER_LOG_POS=154;

--
-- Current Database: `huangyisan`
--

CREATE DATABASE /*!32312 IF NOT EXISTS*/ `huangyisan` /*!40100 DEFAULT CHARACTER SET utf8 */;

USE `huangyisan`;

--
-- Table structure for table `accesslog`
--

DROP TABLE IF EXISTS `accesslog`;
/*!40101 SET @saved_cs_client     = @@character_set_client */;
/*!40101 SET character_set_client = utf8 */;
CREATE TABLE `accesslog` (
  `id` int(20) NOT NULL AUTO_INCREMENT,
  `log_date` datetime DEFAULT NULL,
  `ip` varchar(128) DEFAULT NULL,
  `url` text,
  `status` int(20) NOT NULL,
  PRIMARY KEY (`id`)
) ENGINE=InnoDB AUTO_INCREMENT=25 DEFAULT CHARSET=utf8;
/*!40101 SET character_set_client = @saved_cs_client */;

--
-- Dumping data for table `accesslog`
--

LOCK TABLES `accesslog` WRITE;
/*!40000 ALTER TABLE `accesslog` DISABLE KEYS */;
INSERT INTO `accesslog` VALUES (1,'2017-03-13 00:34:23','192.168.1.1','/zabbix/index.php',200),(2,'2017-03-13 00:35:23','192.168.1.1','/zabbix/index.php',200),(3,'2017-03-13 00:35:23','192.168.1.4','/zabbix/index.php',200),(4,'2016-03-13 00:35:23','192.168.1.2','/zabbix/screen.html',200),(5,'2016-03-18 00:35:23','192.168.1.2','/zabbix/screen.html',200),(6,'2016-03-18 00:35:23','1.1.1.1','/zabbix/template.html',200),(7,'2016-03-18 00:35:23','','/zabbix/template.html',404),(8,'2017-03-16 00:35:23','','/zabbix/template.html',404),(9,'2017-05-13 18:39:46','1.1.1.1','/zabbix/template.html',200),(10,'2017-05-13 18:39:48','192.168.1.10','/zabbix/template.html',404),(11,'2017-05-13 18:39:58','192.168.1.10','/zabbix/index.php',403),(12,'2017-05-13 18:39:59','1.1.1.1','/zabbix/index.php',200),(13,'2017-05-13 18:40:08','192.168.1.18','/zabbix/index.php',200),(14,'2017-05-13 18:40:09','192.168.1.18','/zabbix/index.php',200),(15,'2017-05-13 18:40:39','1.1.1.1','/zabbix/index.php',200),(16,'2017-05-13 18:40:40','192.168.1.1','/zabbix/index.php',200),(17,'2017-05-13 18:40:52','192.168.1.1','/zabbix/screen.html',404),(18,'2017-05-13 18:40:53','1.1.1.1','/zabbix/screen.html',200),(19,'2017-05-13 18:40:53','192.168.1.1','/zabbix/screen.html',404),(20,'2017-05-13 18:40:53','192.168.1.1','/zabbix/screen.html',404),(21,'2017-05-13 18:41:03','1.1.1.1','/zabbix/screen.html',200),(22,'2017-05-13 18:41:03','192.168.1.2','/zabbix/screen.html',200),(23,'2017-05-13 18:41:04','192.168.1.2','/zabbix/screen.html',200),(24,'2016-03-18 00:35:23','1.1.1.1','/zabbix/template.html',200);
/*!40000 ALTER TABLE `accesslog` ENABLE KEYS */;
UNLOCK TABLES;

--
-- Table structure for table `message`
--

DROP TABLE IF EXISTS `message`;
/*!40101 SET @saved_cs_client     = @@character_set_client */;
/*!40101 SET character_set_client = utf8 */;
CREATE TABLE `message` (
  `username` varchar(256) NOT NULL DEFAULT 'huangyisan',
  `title` varchar(512) NOT NULL DEFAULT '',
  `content` text,
  `publish_data` datetime DEFAULT NULL
) ENGINE=InnoDB DEFAULT CHARSET=utf8;
/*!40101 SET character_set_client = @saved_cs_client */;

--
-- Dumping data for table `message`
--

LOCK TABLES `message` WRITE;
/*!40000 ALTER TABLE `message` DISABLE KEYS */;
/*!40000 ALTER TABLE `message` ENABLE KEYS */;
UNLOCK TABLES;

--
-- Table structure for table `message2`
--

DROP TABLE IF EXISTS `message2`;
/*!40101 SET @saved_cs_client     = @@character_set_client */;
/*!40101 SET character_set_client = utf8 */;
CREATE TABLE `message2` (
  `id` int(50) NOT NULL AUTO_INCREMENT,
  `username` varchar(256) NOT NULL DEFAULT 'huangyisan',
  `title` varchar(512) DEFAULT NULL,
  `content` text,
  `publish_data` datetime DEFAULT NULL,
  PRIMARY KEY (`id`)
) ENGINE=InnoDB AUTO_INCREMENT=19 DEFAULT CHARSET=utf8;
/*!40101 SET character_set_client = @saved_cs_client */;

--
-- Dumping data for table `message2`
--

LOCK TABLES `message2` WRITE;
/*!40000 ALTER TABLE `message2` DISABLE KEYS */;
INSERT INTO `message2` VALUES (1,'huangyisan','django','test django','2017-05-13 00:00:00'),(4,'ab','django','test django','2017-04-13 00:00:00'),(5,'we','python','python','2017-04-13 00:00:00'),(6,'we','django','test django','2017-05-13 17:15:18'),(7,'df','django','test django','2017-05-13 17:15:24'),(8,'ff','django','test django','2017-05-13 17:19:17'),(10,'df','linux','test linux','2017-05-13 17:28:55'),(11,'xiaozhi','mengmengda','tiantianmengmengda','2017-05-20 15:28:02'),(12,'小智','小智萌萌哒','天天萌萌哒','2017-05-20 09:35:30'),(14,'sdfsdf','sdfsdf','sdfdsf','2017-05-20 09:36:58'),(15,'sdfsdfasdf','asdfsadf','asdfasdf','2017-05-20 09:37:11'),(17,'sf','ssssdff','sfss','2017-05-20 09:37:53'),(18,'sdf','sdfss','sdf','2017-05-20 09:40:26');
/*!40000 ALTER TABLE `message2` ENABLE KEYS */;
UNLOCK TABLES;

--
-- Table structure for table `user`
--

DROP TABLE IF EXISTS `user`;
/*!40101 SET @saved_cs_client     = @@character_set_client */;
/*!40101 SET character_set_client = utf8 */;
CREATE TABLE `user` (
  `id` int(20) NOT NULL AUTO_INCREMENT,
  `username` varchar(10) NOT NULL DEFAULT '',
  `age` int(3) unsigned NOT NULL DEFAULT '0',
  `tel` varchar(11) NOT NULL DEFAULT '',
  `password` varchar(512) NOT NULL DEFAULT '',
  PRIMARY KEY (`id`)
) ENGINE=InnoDB AUTO_INCREMENT=2 DEFAULT CHARSET=utf8;
/*!40101 SET character_set_client = @saved_cs_client */;

--
-- Dumping data for table `user`
--

LOCK TABLES `user` WRITE;
/*!40000 ALTER TABLE `user` DISABLE KEYS */;
INSERT INTO `user` VALUES (1,'kk',28,'1876544321','123456');
/*!40000 ALTER TABLE `user` ENABLE KEYS */;
UNLOCK TABLES;
/*!40103 SET TIME_ZONE=@OLD_TIME_ZONE */;

/*!40101 SET SQL_MODE=@OLD_SQL_MODE */;
/*!40014 SET FOREIGN_KEY_CHECKS=@OLD_FOREIGN_KEY_CHECKS */;
/*!40014 SET UNIQUE_CHECKS=@OLD_UNIQUE_CHECKS */;
/*!40101 SET CHARACTER_SET_CLIENT=@OLD_CHARACTER_SET_CLIENT */;
/*!40101 SET CHARACTER_SET_RESULTS=@OLD_CHARACTER_SET_RESULTS */;
/*!40101 SET COLLATION_CONNECTION=@OLD_COLLATION_CONNECTION */;
/*!40111 SET SQL_NOTES=@OLD_SQL_NOTES */;

-- Dump completed on 2017-05-21  0:56:41
